[debug] [2022-01-22T05:53:11.440Z] ----------------------------------------------------------------------
[debug] [2022-01-22T05:53:11.446Z] Command:       C:\Program Files\nodejs\node.exe C:\Users\niran\AppData\Local\npm\node_modules\firebase-tools\lib\bin\firebase.js init
[debug] [2022-01-22T05:53:11.447Z] CLI Version:   10.1.2
[debug] [2022-01-22T05:53:11.448Z] Platform:      win32
[debug] [2022-01-22T05:53:11.448Z] Node Version:  v16.13.0
[debug] [2022-01-22T05:53:11.451Z] Time:          Sat Jan 22 2022 11:23:11 GMT+0530 (India Standard Time)
[debug] [2022-01-22T05:53:11.451Z] ----------------------------------------------------------------------
[debug] 
[debug] [2022-01-22T05:53:11.584Z] > command requires scopes: ["email","openid","https://www.googleapis.com/auth/cloudplatformprojects.readonly","https://www.googleapis.com/auth/firebase","https://www.googleapis.com/auth/cloud-platform"]
[debug] [2022-01-22T05:53:11.585Z] > authorizing via signed-in user (niranjanv849@gmail.com)
[info] 
     ######## #### ########  ######## ########     ###     ######  ########
     ##        ##  ##     ## ##       ##     ##  ##   ##  ##       ##
     ######    ##  ########  ######   ########  #########  ######  ######
     ##        ##  ##    ##  ##       ##     ## ##     ##       ## ##
     ##       #### ##     ## ######## ########  ##     ##  ######  ########

You're about to initialize a Firebase project in this directory:

  F:\CodeSpace\Sanda-Seiyura-Edam\amazon-clone

Before we get started, keep in mind:

  * You are initializing within an existing Firebase project directory

[info] 
=== Project Setup
[info] 
[info] First, let's associate this project directory with a Firebase project.
[info] You can create multiple project aliases by running firebase use --add, 
[info] but for now we'll just set up a default project.
[info] 
[debug] [2022-01-22T05:53:53.601Z] Using project from CLI flag: clone-fa23f
[debug] [2022-01-22T05:53:53.604Z] > refreshing access token with scopes: []
[debug] [2022-01-22T05:53:53.605Z] >>> HTTP REQUEST POST https://www.googleapis.com/oauth2/v3/token  
 <request body omitted>
[debug] [2022-01-22T05:53:54.013Z] <<< HTTP RESPONSE 200 {"expires":"Mon, 01 Jan 1990 00:00:00 GMT","date":"Sat, 22 Jan 2022 05:53:50 GMT","cache-control":"no-cache, no-store, max-age=0, must-revalidate","pragma":"no-cache","content-type":"application/json; charset=utf-8","vary":"X-Origin, Referer, Origin,Accept-Encoding","server":"scaffolding on HTTPServer2","x-xss-protection":"0","x-frame-options":"SAMEORIGIN","x-content-type-options":"nosniff","alt-svc":"h3=\":443\"; ma=2592000,h3-29=\":443\"; ma=2592000,h3-Q050=\":443\"; ma=2592000,h3-Q046=\":443\"; ma=2592000,h3-Q043=\":443\"; ma=2592000,quic=\":443\"; ma=2592000; v=\"46,43\"","accept-ranges":"none","transfer-encoding":"chunked"}
[debug] [2022-01-22T05:53:55.879Z] >>> [apiv2][query] GET https://firebase.googleapis.com/v1beta1/projects/clone-fa23f [none]
[debug] [2022-01-22T05:53:57.326Z] <<< [apiv2][status] GET https://firebase.googleapis.com/v1beta1/projects/clone-fa23f 200
[debug] [2022-01-22T05:53:57.326Z] <<< [apiv2][body] GET https://firebase.googleapis.com/v1beta1/projects/clone-fa23f {"projectId":"clone-fa23f","projectNumber":"438951853834","displayName":"amazon-clone","name":"projects/clone-fa23f","resources":{"hostingSite":"clone-fa23f"},"state":"ACTIVE"}
[info] i  Using project clone-fa23f (amazon-clone) 
[info] 
=== Hosting Setup
[info] 
[info] Your public directory is the folder (relative to your project directory) that
[info] will contain Hosting assets to be uploaded with firebase deploy. If you
[info] have a build process for your assets, use your build's output directory.
[info] 
